C51 COMPILER V9.01   INIT                                                                  12/18/2016 13:07:28 PAGE 1   


C51 COMPILER V9.01, COMPILATION OF MODULE INIT
OBJECT MODULE PLACED IN init.OBJ
COMPILER INVOKED BY: F:\Keil_v5\C51\BIN\C51.EXE init.c BROWSE DEBUG OBJECTEXTEND

line level    source

   1          #include "init.h"
   2          
   3          void delay1(void){
   4   1              uchar n=15;
   5   1              while(n--){
   6   2                      uchar i;
   7   2                      for(i=0;i<125;i++);
   8   2              }
   9   1      }
  10          
  11          void delay_ms(uint ms){
  12   1           uchar pp=110;
  13   1               for(;ms>0;ms--)
  14   1                  for(;pp>0;pp--);
  15   1      }
  16          
  17          void delay_us(uint us){
  18   1           for(;us>0;us--);
  19   1      }
  20          


MODULE INFORMATION:   STATIC OVERLAYABLE
   CODE SIZE        =     68    ----
   CONSTANT SIZE    =   ----    ----
   XDATA SIZE       =   ----    ----
   PDATA SIZE       =   ----    ----
   DATA SIZE        =   ----       1
   IDATA SIZE       =   ----    ----
   BIT SIZE         =   ----    ----
END OF MODULE INFORMATION.


C51 COMPILATION COMPLETE.  0 WARNING(S),  0 ERROR(S)
